#
# A fatal error has been detected by the Java Runtime Environment:
#
#  Internal Error (javaClasses.cpp:136), pid=3384, tid=10592
#  fatal error: Invalid layout of preloaded class
#
# JRE version:  (7.0_45-b18) (build )
# Java VM: Java HotSpot(TM) 64-Bit Server VM (24.45-b08 mixed mode windows-amd64 compressed oops)
# Failed to write core dump. Minidumps are not enabled by default on client versions of Windows
#
# If you would like to submit a bug report, please visit:
#   http://bugreport.sun.com/bugreport/crash.jsp
#

---------------  T H R E A D  ---------------

Current thread (0x00000000028b0800):  JavaThread "Unknown thread" [_thread_in_vm, id=10592, stack(0x0000000002420000,0x0000000002520000)]

Stack: [0x0000000002420000,0x0000000002520000]

---------------  P R O C E S S  ---------------

Java Threads: ( => current thread )

Other Threads:

=>0x00000000028b0800 (exited) JavaThread "Unknown thread" [_thread_in_vm, id=10592, stack(0x0000000002420000,0x0000000002520000)]

VM state:not at safepoint (not fully initialized)

VM Mutex/Monitor currently owned by a thread: None

GC Heap History (0 events):
No events

Deoptimization events (0 events):
No events

Internal exceptions (0 events):
No events

Events (10 events):
Event: 0.014 loading class 0x00000000028f7c40 done
Event: 0.014 loading class 0x00000000028f7660 done
Event: 0.014 loading class 0x00000000028f7640
Event: 0.014 loading class 0x00000000028ff740
Event: 0.021 loading class 0x00000000028ff740 done
Event: 0.021 loading class 0x00000000028ff770
Event: 0.027 loading class 0x00000000028ff770 done
Event: 0.027 loading class 0x00000000028ff7a0
Event: 0.027 loading class 0x00000000028ff7a0 done
Event: 0.027 loading class 0x00000000028f7640 done


Dynamic libraries:
0x000007f6bf420000 - 0x000007f6bf453000 	C:\Program Files\Java\jdk1.7.0_45\bin\javaw.exe
0x000007fb7da80000 - 0x000007fb7dc3e000 	C:\Windows\SYSTEM32\ntdll.dll
0x000007fb7b140000 - 0x000007fb7b277000 	C:\Windows\system32\KERNEL32.DLL
0x000007fb7a7b0000 - 0x000007fb7a8a4000 	C:\Windows\system32\KERNELBASE.dll
0x000007fb7d9a0000 - 0x000007fb7da7e000 	C:\Windows\system32\ADVAPI32.dll
0x000007fb7c180000 - 0x000007fb7c2cc000 	C:\Windows\system32\USER32.dll
0x000007fb784c0000 - 0x000007fb7872a000 	C:\Windows\WinSxS\amd64_microsoft.windows.common-controls_6595b64144ccf1df_6.0.9200.16579_none_418ab7ef718b27ef\COMCTL32.dll
0x000007fb7b040000 - 0x000007fb7b0e5000 	C:\Windows\system32\msvcrt.dll
0x000007fb7b0f0000 - 0x000007fb7b138000 	C:\Windows\SYSTEM32\sechost.dll
0x000007fb7b920000 - 0x000007fb7ba65000 	C:\Windows\system32\RPCRT4.dll
0x000007fb7ab90000 - 0x000007fb7acd1000 	C:\Windows\system32\GDI32.dll
0x000007fb7b840000 - 0x000007fb7b879000 	C:\Windows\system32\IMM32.DLL
0x000007fb7bd50000 - 0x000007fb7be66000 	C:\Windows\system32\MSCTF.dll
0x000007fb7a490000 - 0x000007fb7a4c1000 	C:\Windows\system32\nvinitx.dll
0x000000000f000000 - 0x000000000f006000 	C:\Program Files\NVIDIA Corporation\CoProcManager\detoured.dll
0x000007fb77ec0000 - 0x000007fb77f1f000 	C:\Program Files\NVIDIA Corporation\CoProcManager\nvd3d9wrapx.dll
0x000007fb7b440000 - 0x000007fb7b610000 	C:\Windows\system32\SETUPAPI.dll
0x000007fb7a700000 - 0x000007fb7a74f000 	C:\Windows\system32\CFGMGR32.dll
0x000007fb7a680000 - 0x000007fb7a6a2000 	C:\Windows\system32\DEVOBJ.dll
0x000007fb78140000 - 0x000007fb78186000 	C:\Program Files\NVIDIA Corporation\CoProcManager\nvdxgiwrapx.dll
0x000000005cf00000 - 0x000000005cfd2000 	C:\Program Files\Java\jdk1.7.0_45\jre\bin\msvcr100.dll
0x000000005cfe0000 - 0x000000005d7a9000 	C:\Program Files\Java\jdk1.7.0_45\jre\bin\server\jvm.dll
0x000007fb77d30000 - 0x000007fb77d39000 	C:\Windows\SYSTEM32\WSOCK32.dll
0x000007fb7a6e0000 - 0x000007fb7a700000 	C:\Windows\system32\WINMM.dll
0x000007fb7b680000 - 0x000007fb7b687000 	C:\Windows\system32\PSAPI.DLL
0x000007fb7b8a0000 - 0x000007fb7b8f8000 	C:\Windows\system32\WS2_32.dll
0x000007fb7a640000 - 0x000007fb7a673000 	C:\Windows\system32\WINMMBASE.dll
0x000007fb7b280000 - 0x000007fb7b289000 	C:\Windows\system32\NSI.dll
0x000000005db30000 - 0x000000005db3f000 	C:\Program Files\Java\jdk1.7.0_45\jre\bin\verify.dll
0x000000005db00000 - 0x000000005db28000 	C:\Program Files\Java\jdk1.7.0_45\jre\bin\java.dll
0x000000005dae0000 - 0x000000005daf5000 	C:\Program Files\Java\jdk1.7.0_45\jre\bin\zip.dll

VM Arguments:
jvm_args: -Dfile.encoding=UTF-8 -Xbootclasspath:D:\360安全浏览器下载\android-sdk-windows\android-sdk-windows\platforms\android-19\android.jar 
java_command: foundation.dataService.util.DatabaseConfigUtil
Launcher Type: SUN_STANDARD

Environment Variables:
JAVA_HOME=C:\Program Files\Java\jdk1.7.0_45
CLASSPATH=.;C:\Program Files\Java\jdk1.7.0_45\lib\tools.jar;C:\Program Files\Java\jdk1.7.0_45\lib\dt.jar;C:\Program Files\Java\jdk1.7.0_45\bin;
PATH=C:/Program Files/Java/jdk1.7.0_45/bin/../jre/bin/server;C:/Program Files/Java/jdk1.7.0_45/bin/../jre/bin;C:/Program Files/Java/jdk1.7.0_45/bin/../jre/lib/amd64;C:\Program Files (x86)\NVIDIA Corporation\PhysX\Common;C:\Program Files\Java\jdk1.7.0_45\bin;C:\Windows\system32;C:\Windows;C:\Windows\System32\Wbem;C:\Windows\System32\WindowsPowerShell\v1.0\;D:\360安全浏览器下载\android-sdk-windows\android-sdk-windows\tools;D:\360安全浏览器下载\android-sdk-windows\android-sdk-windows\platform-tools;C:\Program Files (x86)\MySQL\MySQL Utilities 1.3.5\;D:\360安全浏览器下载\163disk.com_eclipse-SDK-3.7.2-win64\eclipse;
USERNAME=dcl
OS=Windows_NT
PROCESSOR_IDENTIFIER=Intel64 Family 6 Model 58 Stepping 9, GenuineIntel



---------------  S Y S T E M  ---------------

OS: Windows 8 , 64 bit Build 9200 

CPU:total 4 (2 cores per cpu, 2 threads per core) family 6 model 58 stepping 9, cmov, cx8, fxsr, mmx, sse, sse2, sse3, ssse3, sse4.1, sse4.2, popcnt, avx, aes, erms, ht, tsc, tscinvbit, tscinv

Memory: 4k page, physical 4077180k(2173032k free), swap 6802184k(754392k free)

vm_info: Java HotSpot(TM) 64-Bit Server VM (24.45-b08) for windows-amd64 JRE (1.7.0_45-b18), built on Oct  8 2013 05:47:22 by "java_re" with unknown MS VC++:1600

time: Tue Aug 12 12:25:26 2014
elapsed time: 0 seconds

